<?xml version="1.0" encoding="UTF-8"?>
<coverage generated="1650608331710" clover="3.2.0">
  <project timestamp="1650608331710" name="All files">
    <metrics statements="110" coveredstatements="101" conditionals="76" coveredconditionals="64" methods="8" coveredmethods="8" elements="194" coveredelements="173" complexity="0" loc="110" ncloc="110" packages="1" files="1" classes="1"/>
    <file name="main.js" path="C:\Users\jinang\Documents\GitHub\SoftwareDesign_Group5_Assignment2\public\main.js">
      <metrics statements="110" coveredstatements="101" conditionals="76" coveredconditionals="64" methods="8" coveredmethods="8"/>
      <line num="15" count="3" type="stmt"/>
      <line num="17" count="3" type="cond" truecount="1" falsecount="1"/>
      <line num="25" count="3" type="cond" truecount="2" falsecount="0"/>
      <line num="29" count="1" type="stmt"/>
      <line num="31" count="2" type="cond" truecount="2" falsecount="0"/>
      <line num="35" count="1" type="stmt"/>
      <line num="39" count="1" type="stmt"/>
      <line num="64" count="1" type="stmt"/>
      <line num="71" count="1" type="stmt"/>
      <line num="107" count="3" type="stmt"/>
      <line num="108" count="3" type="cond" truecount="1" falsecount="1"/>
      <line num="117" count="3" type="cond" truecount="2" falsecount="0"/>
      <line num="121" count="1" type="stmt"/>
      <line num="123" count="2" type="cond" truecount="2" falsecount="0"/>
      <line num="127" count="1" type="stmt"/>
      <line num="132" count="1" type="stmt"/>
      <line num="144" count="1" type="cond" truecount="1" falsecount="1"/>
      <line num="157" count="1" type="stmt"/>
      <line num="164" count="1" type="stmt"/>
      <line num="191" count="7" type="stmt"/>
      <line num="192" count="7" type="cond" truecount="1" falsecount="1"/>
      <line num="209" count="7" type="cond" truecount="2" falsecount="0"/>
      <line num="213" count="1" type="stmt"/>
      <line num="216" count="6" type="cond" truecount="2" falsecount="0"/>
      <line num="220" count="1" type="stmt"/>
      <line num="223" count="5" type="cond" truecount="2" falsecount="0"/>
      <line num="227" count="1" type="stmt"/>
      <line num="230" count="4" type="cond" truecount="4" falsecount="0"/>
      <line num="234" count="1" type="stmt"/>
      <line num="237" count="3" type="cond" truecount="2" falsecount="0"/>
      <line num="241" count="1" type="stmt"/>
      <line num="244" count="2" type="cond" truecount="4" falsecount="0"/>
      <line num="248" count="1" type="stmt"/>
      <line num="253" count="1" type="stmt"/>
      <line num="267" count="1" type="cond" truecount="1" falsecount="1"/>
      <line num="272" count="1" type="stmt"/>
      <line num="279" count="0" type="stmt"/>
      <line num="281" count="0" type="stmt"/>
      <line num="284" count="0" type="stmt"/>
      <line num="287" count="1" type="stmt"/>
      <line num="292" count="7" type="stmt"/>
      <line num="293" count="7" type="cond" truecount="1" falsecount="1"/>
      <line num="309" count="7" type="cond" truecount="2" falsecount="0"/>
      <line num="313" count="1" type="stmt"/>
      <line num="316" count="6" type="cond" truecount="2" falsecount="0"/>
      <line num="320" count="1" type="stmt"/>
      <line num="323" count="5" type="cond" truecount="2" falsecount="0"/>
      <line num="327" count="1" type="stmt"/>
      <line num="330" count="4" type="cond" truecount="4" falsecount="0"/>
      <line num="334" count="1" type="stmt"/>
      <line num="337" count="3" type="cond" truecount="2" falsecount="0"/>
      <line num="341" count="1" type="stmt"/>
      <line num="344" count="2" type="cond" truecount="4" falsecount="0"/>
      <line num="348" count="1" type="stmt"/>
      <line num="353" count="1" type="stmt"/>
      <line num="365" count="1" type="stmt"/>
      <line num="367" count="1" type="cond" truecount="1" falsecount="1"/>
      <line num="373" count="1" type="stmt"/>
      <line num="380" count="0" type="stmt"/>
      <line num="382" count="0" type="stmt"/>
      <line num="385" count="0" type="stmt"/>
      <line num="388" count="1" type="stmt"/>
      <line num="523" count="1" type="stmt"/>
      <line num="564" count="3" type="cond" truecount="1" falsecount="1"/>
      <line num="572" count="3" type="cond" truecount="1" falsecount="1"/>
      <line num="580" count="3" type="cond" truecount="2" falsecount="0"/>
      <line num="582" count="1" type="stmt"/>
      <line num="583" count="1" type="stmt"/>
      <line num="585" count="2" type="cond" truecount="1" falsecount="1"/>
      <line num="586" count="0" type="stmt"/>
      <line num="587" count="0" type="stmt"/>
      <line num="590" count="2" type="cond" truecount="2" falsecount="0"/>
      <line num="592" count="1" type="stmt"/>
      <line num="593" count="1" type="stmt"/>
      <line num="618" count="1" type="stmt"/>
      <line num="620" count="1" type="stmt"/>
      <line num="624" count="3" type="stmt"/>
      <line num="625" count="3" type="stmt"/>
      <line num="626" count="3" type="stmt"/>
      <line num="627" count="3" type="stmt"/>
      <line num="628" count="3" type="cond" truecount="1" falsecount="1"/>
      <line num="629" count="0" type="stmt"/>
      <line num="631" count="3" type="cond" truecount="1" falsecount="1"/>
      <line num="632" count="3" type="stmt"/>
      <line num="634" count="3" type="stmt"/>
      <line num="635" count="3" type="cond" truecount="2" falsecount="0"/>
      <line num="637" count="1" type="stmt"/>
      <line num="639" count="2" type="stmt"/>
      <line num="641" count="1" type="stmt"/>
      <line num="702" count="1" type="stmt"/>
      <line num="707" count="2" type="stmt"/>
      <line num="708" count="2" type="stmt"/>
      <line num="709" count="2" type="stmt"/>
      <line num="710" count="2" type="stmt"/>
      <line num="711" count="2" type="stmt"/>
      <line num="712" count="2" type="stmt"/>
      <line num="715" count="2" type="cond" truecount="2" falsecount="0"/>
      <line num="717" count="1" type="stmt"/>
      <line num="721" count="1" type="stmt"/>
      <line num="725" count="2" type="cond" truecount="2" falsecount="0"/>
      <line num="727" count="1" type="stmt"/>
      <line num="731" count="1" type="stmt"/>
      <line num="735" count="2" type="cond" truecount="2" falsecount="0"/>
      <line num="737" count="1" type="stmt"/>
      <line num="741" count="1" type="stmt"/>
      <line num="745" count="2" type="stmt"/>
      <line num="748" count="2" type="stmt"/>
      <line num="750" count="1" type="stmt"/>
      <line num="754" count="1" type="stmt"/>
      <line num="756" count="1" type="stmt"/>
    </file>
  </project>
</coverage>
