<?xml version="1.0" encoding="UTF-8"?>
<coverage generated="1651171160186" clover="3.2.0">
  <project timestamp="1651171160186" name="All files">
    <metrics statements="112" coveredstatements="101" conditionals="76" coveredconditionals="64" methods="8" coveredmethods="8" elements="196" coveredelements="173" complexity="0" loc="112" ncloc="112" packages="1" files="1" classes="1"/>
    <file name="main.js" path="C:\Users\jinang\Documents\GitHub\SoftwareDesign_Group5_Assignment2\public\main.js">
      <metrics statements="112" coveredstatements="101" conditionals="76" coveredconditionals="64" methods="8" coveredmethods="8"/>
      <line num="6" count="3" type="stmt"/>
      <line num="8" count="3" type="cond" truecount="1" falsecount="1"/>
      <line num="16" count="3" type="cond" truecount="2" falsecount="0"/>
      <line num="20" count="1" type="stmt"/>
      <line num="22" count="2" type="cond" truecount="2" falsecount="0"/>
      <line num="26" count="1" type="stmt"/>
      <line num="30" count="1" type="stmt"/>
      <line num="55" count="1" type="stmt"/>
      <line num="59" count="0" type="stmt"/>
      <line num="62" count="1" type="stmt"/>
      <line num="97" count="3" type="stmt"/>
      <line num="98" count="3" type="cond" truecount="1" falsecount="1"/>
      <line num="107" count="3" type="cond" truecount="2" falsecount="0"/>
      <line num="111" count="1" type="stmt"/>
      <line num="113" count="2" type="cond" truecount="2" falsecount="0"/>
      <line num="117" count="1" type="stmt"/>
      <line num="122" count="1" type="stmt"/>
      <line num="134" count="1" type="cond" truecount="1" falsecount="1"/>
      <line num="147" count="1" type="stmt"/>
      <line num="151" count="0" type="stmt"/>
      <line num="154" count="1" type="stmt"/>
      <line num="181" count="7" type="stmt"/>
      <line num="182" count="7" type="cond" truecount="1" falsecount="1"/>
      <line num="199" count="7" type="cond" truecount="2" falsecount="0"/>
      <line num="203" count="1" type="stmt"/>
      <line num="206" count="6" type="cond" truecount="2" falsecount="0"/>
      <line num="210" count="1" type="stmt"/>
      <line num="213" count="5" type="cond" truecount="2" falsecount="0"/>
      <line num="217" count="1" type="stmt"/>
      <line num="220" count="4" type="cond" truecount="4" falsecount="0"/>
      <line num="224" count="1" type="stmt"/>
      <line num="227" count="3" type="cond" truecount="2" falsecount="0"/>
      <line num="231" count="1" type="stmt"/>
      <line num="234" count="2" type="cond" truecount="4" falsecount="0"/>
      <line num="238" count="1" type="stmt"/>
      <line num="243" count="1" type="stmt"/>
      <line num="257" count="1" type="cond" truecount="1" falsecount="1"/>
      <line num="262" count="1" type="stmt"/>
      <line num="269" count="0" type="stmt"/>
      <line num="271" count="0" type="stmt"/>
      <line num="274" count="0" type="stmt"/>
      <line num="277" count="1" type="stmt"/>
      <line num="282" count="7" type="stmt"/>
      <line num="283" count="7" type="cond" truecount="1" falsecount="1"/>
      <line num="299" count="7" type="cond" truecount="2" falsecount="0"/>
      <line num="303" count="1" type="stmt"/>
      <line num="306" count="6" type="cond" truecount="2" falsecount="0"/>
      <line num="310" count="1" type="stmt"/>
      <line num="313" count="5" type="cond" truecount="2" falsecount="0"/>
      <line num="317" count="1" type="stmt"/>
      <line num="320" count="4" type="cond" truecount="4" falsecount="0"/>
      <line num="324" count="1" type="stmt"/>
      <line num="327" count="3" type="cond" truecount="2" falsecount="0"/>
      <line num="331" count="1" type="stmt"/>
      <line num="334" count="2" type="cond" truecount="4" falsecount="0"/>
      <line num="338" count="1" type="stmt"/>
      <line num="343" count="1" type="stmt"/>
      <line num="355" count="1" type="stmt"/>
      <line num="357" count="1" type="cond" truecount="1" falsecount="1"/>
      <line num="363" count="1" type="stmt"/>
      <line num="370" count="0" type="stmt"/>
      <line num="372" count="0" type="stmt"/>
      <line num="375" count="0" type="stmt"/>
      <line num="378" count="1" type="stmt"/>
      <line num="511" count="1" type="stmt"/>
      <line num="552" count="3" type="cond" truecount="1" falsecount="1"/>
      <line num="560" count="3" type="cond" truecount="1" falsecount="1"/>
      <line num="568" count="3" type="cond" truecount="2" falsecount="0"/>
      <line num="570" count="1" type="stmt"/>
      <line num="571" count="1" type="stmt"/>
      <line num="573" count="2" type="cond" truecount="1" falsecount="1"/>
      <line num="574" count="0" type="stmt"/>
      <line num="575" count="0" type="stmt"/>
      <line num="578" count="2" type="cond" truecount="2" falsecount="0"/>
      <line num="580" count="1" type="stmt"/>
      <line num="581" count="1" type="stmt"/>
      <line num="604" count="1" type="stmt"/>
      <line num="606" count="1" type="stmt"/>
      <line num="611" count="3" type="stmt"/>
      <line num="612" count="3" type="stmt"/>
      <line num="613" count="3" type="stmt"/>
      <line num="614" count="3" type="stmt"/>
      <line num="615" count="3" type="cond" truecount="1" falsecount="1"/>
      <line num="616" count="0" type="stmt"/>
      <line num="618" count="3" type="cond" truecount="1" falsecount="1"/>
      <line num="619" count="3" type="stmt"/>
      <line num="621" count="3" type="stmt"/>
      <line num="622" count="3" type="cond" truecount="2" falsecount="0"/>
      <line num="624" count="1" type="stmt"/>
      <line num="626" count="2" type="stmt"/>
      <line num="628" count="1" type="stmt"/>
      <line num="689" count="1" type="stmt"/>
      <line num="694" count="2" type="stmt"/>
      <line num="695" count="2" type="stmt"/>
      <line num="696" count="2" type="stmt"/>
      <line num="697" count="2" type="stmt"/>
      <line num="698" count="2" type="stmt"/>
      <line num="699" count="2" type="stmt"/>
      <line num="702" count="2" type="cond" truecount="2" falsecount="0"/>
      <line num="704" count="1" type="stmt"/>
      <line num="708" count="1" type="stmt"/>
      <line num="712" count="2" type="cond" truecount="2" falsecount="0"/>
      <line num="714" count="1" type="stmt"/>
      <line num="718" count="1" type="stmt"/>
      <line num="722" count="2" type="cond" truecount="2" falsecount="0"/>
      <line num="724" count="1" type="stmt"/>
      <line num="728" count="1" type="stmt"/>
      <line num="732" count="2" type="stmt"/>
      <line num="735" count="2" type="stmt"/>
      <line num="737" count="1" type="stmt"/>
      <line num="741" count="1" type="stmt"/>
      <line num="743" count="1" type="stmt"/>
    </file>
  </project>
</coverage>
