{"C:\\Users\\jinang\\Documents\\GitHub\\SoftwareDesign_Group5_Assignment2\\public\\main.js": {"path":"C:\\Users\\jinang\\Documents\\GitHub\\SoftwareDesign_Group5_Assignment2\\public\\main.js","statementMap":{"0":{"start":{"line":15,"column":1},"end":{"line":69,"column":2}},"1":{"start":{"line":17,"column":8},"end":{"line":23,"column":9}},"2":{"start":{"line":25,"column":8},"end":{"line":36,"column":9}},"3":{"start":{"line":29,"column":12},"end":{"line":29,"column":25}},"4":{"start":{"line":31,"column":13},"end":{"line":36,"column":9}},"5":{"start":{"line":35,"column":12},"end":{"line":35,"column":25}},"6":{"start":{"line":39,"column":21},"end":{"line":39,"column":63}},"7":{"start":{"line":64,"column":8},"end":{"line":64,"column":21}},"8":{"start":{"line":71,"column":0},"end":{"line":71,"column":29}},"9":{"start":{"line":99,"column":4},"end":{"line":154,"column":5}},"10":{"start":{"line":100,"column":8},"end":{"line":107,"column":9}},"11":{"start":{"line":109,"column":8},"end":{"line":120,"column":9}},"12":{"start":{"line":113,"column":12},"end":{"line":113,"column":25}},"13":{"start":{"line":115,"column":13},"end":{"line":120,"column":9}},"14":{"start":{"line":119,"column":12},"end":{"line":119,"column":25}},"15":{"start":{"line":124,"column":21},"end":{"line":124,"column":65}},"16":{"start":{"line":136,"column":8},"end":{"line":147,"column":9}},"17":{"start":{"line":149,"column":8},"end":{"line":149,"column":26}},"18":{"start":{"line":156,"column":0},"end":{"line":156,"column":34}},"19":{"start":{"line":161,"column":4},"end":{"line":255,"column":5}},"20":{"start":{"line":162,"column":8},"end":{"line":176,"column":9}},"21":{"start":{"line":179,"column":8},"end":{"line":184,"column":9}},"22":{"start":{"line":183,"column":12},"end":{"line":183,"column":25}},"23":{"start":{"line":186,"column":8},"end":{"line":191,"column":9}},"24":{"start":{"line":190,"column":12},"end":{"line":190,"column":25}},"25":{"start":{"line":193,"column":8},"end":{"line":198,"column":9}},"26":{"start":{"line":197,"column":12},"end":{"line":197,"column":25}},"27":{"start":{"line":200,"column":8},"end":{"line":205,"column":9}},"28":{"start":{"line":204,"column":12},"end":{"line":204,"column":25}},"29":{"start":{"line":207,"column":8},"end":{"line":212,"column":9}},"30":{"start":{"line":211,"column":12},"end":{"line":211,"column":25}},"31":{"start":{"line":214,"column":8},"end":{"line":219,"column":9}},"32":{"start":{"line":218,"column":12},"end":{"line":218,"column":25}},"33":{"start":{"line":223,"column":21},"end":{"line":223,"column":125}},"34":{"start":{"line":237,"column":8},"end":{"line":250,"column":9}},"35":{"start":{"line":242,"column":12},"end":{"line":242,"column":29}},"36":{"start":{"line":249,"column":12},"end":{"line":249,"column":29}},"37":{"start":{"line":251,"column":8},"end":{"line":251,"column":25}},"38":{"start":{"line":254,"column":8},"end":{"line":254,"column":25}},"39":{"start":{"line":257,"column":0},"end":{"line":257,"column":32}},"40":{"start":{"line":262,"column":4},"end":{"line":356,"column":5}},"41":{"start":{"line":263,"column":8},"end":{"line":277,"column":9}},"42":{"start":{"line":279,"column":8},"end":{"line":284,"column":9}},"43":{"start":{"line":283,"column":12},"end":{"line":283,"column":25}},"44":{"start":{"line":286,"column":8},"end":{"line":291,"column":9}},"45":{"start":{"line":290,"column":12},"end":{"line":290,"column":25}},"46":{"start":{"line":293,"column":8},"end":{"line":298,"column":9}},"47":{"start":{"line":297,"column":12},"end":{"line":297,"column":25}},"48":{"start":{"line":300,"column":8},"end":{"line":305,"column":9}},"49":{"start":{"line":304,"column":12},"end":{"line":304,"column":25}},"50":{"start":{"line":307,"column":8},"end":{"line":312,"column":9}},"51":{"start":{"line":311,"column":12},"end":{"line":311,"column":25}},"52":{"start":{"line":314,"column":8},"end":{"line":319,"column":9}},"53":{"start":{"line":318,"column":12},"end":{"line":318,"column":25}},"54":{"start":{"line":323,"column":21},"end":{"line":323,"column":125}},"55":{"start":{"line":335,"column":26},"end":{"line":335,"column":47}},"56":{"start":{"line":337,"column":8},"end":{"line":351,"column":9}},"57":{"start":{"line":343,"column":12},"end":{"line":343,"column":29}},"58":{"start":{"line":350,"column":12},"end":{"line":350,"column":29}},"59":{"start":{"line":352,"column":8},"end":{"line":352,"column":25}},"60":{"start":{"line":355,"column":8},"end":{"line":355,"column":25}},"61":{"start":{"line":358,"column":0},"end":{"line":358,"column":38}},"62":{"start":{"line":493,"column":0},"end":{"line":493,"column":34}},"63":{"start":{"line":536,"column":4},"end":{"line":542,"column":5}},"64":{"start":{"line":544,"column":4},"end":{"line":550,"column":5}},"65":{"start":{"line":552,"column":4},"end":{"line":560,"column":5}},"66":{"start":{"line":554,"column":8},"end":{"line":554,"column":44}},"67":{"start":{"line":555,"column":8},"end":{"line":555,"column":21}},"68":{"start":{"line":557,"column":9},"end":{"line":560,"column":5}},"69":{"start":{"line":558,"column":8},"end":{"line":558,"column":39}},"70":{"start":{"line":559,"column":8},"end":{"line":559,"column":21}},"71":{"start":{"line":562,"column":4},"end":{"line":566,"column":5}},"72":{"start":{"line":564,"column":8},"end":{"line":564,"column":34}},"73":{"start":{"line":565,"column":8},"end":{"line":565,"column":21}},"74":{"start":{"line":590,"column":4},"end":{"line":590,"column":16}},"75":{"start":{"line":592,"column":0},"end":{"line":592,"column":35}},"76":{"start":{"line":596,"column":16},"end":{"line":596,"column":26}},"77":{"start":{"line":597,"column":13},"end":{"line":597,"column":28}},"78":{"start":{"line":598,"column":13},"end":{"line":598,"column":31}},"79":{"start":{"line":599,"column":15},"end":{"line":599,"column":34}},"80":{"start":{"line":600,"column":4},"end":{"line":602,"column":5}},"81":{"start":{"line":601,"column":8},"end":{"line":601,"column":17}},"82":{"start":{"line":603,"column":4},"end":{"line":605,"column":5}},"83":{"start":{"line":604,"column":8},"end":{"line":604,"column":17}},"84":{"start":{"line":606,"column":4},"end":{"line":606,"column":31}},"85":{"start":{"line":607,"column":4},"end":{"line":610,"column":5}},"86":{"start":{"line":609,"column":8},"end":{"line":609,"column":21}},"87":{"start":{"line":611,"column":4},"end":{"line":611,"column":16}},"88":{"start":{"line":613,"column":0},"end":{"line":613,"column":61}},"89":{"start":{"line":674,"column":0},"end":{"line":674,"column":41}},"90":{"start":{"line":679,"column":18},"end":{"line":679,"column":21}},"91":{"start":{"line":680,"column":23},"end":{"line":680,"column":26}},"92":{"start":{"line":681,"column":23},"end":{"line":681,"column":26}},"93":{"start":{"line":682,"column":23},"end":{"line":682,"column":26}},"94":{"start":{"line":683,"column":23},"end":{"line":683,"column":26}},"95":{"start":{"line":684,"column":23},"end":{"line":684,"column":26}},"96":{"start":{"line":687,"column":4},"end":{"line":694,"column":5}},"97":{"start":{"line":689,"column":8},"end":{"line":689,"column":25}},"98":{"start":{"line":693,"column":8},"end":{"line":693,"column":25}},"99":{"start":{"line":697,"column":4},"end":{"line":704,"column":5}},"100":{"start":{"line":699,"column":8},"end":{"line":699,"column":24}},"101":{"start":{"line":703,"column":8},"end":{"line":703,"column":23}},"102":{"start":{"line":707,"column":4},"end":{"line":714,"column":5}},"103":{"start":{"line":709,"column":8},"end":{"line":709,"column":25}},"104":{"start":{"line":713,"column":8},"end":{"line":713,"column":25}},"105":{"start":{"line":717,"column":4},"end":{"line":717,"column":73}},"106":{"start":{"line":720,"column":4},"end":{"line":720,"column":31}},"107":{"start":{"line":722,"column":0},"end":{"line":722,"column":53}},"108":{"start":{"line":726,"column":4},"end":{"line":726,"column":48}},"109":{"start":{"line":728,"column":0},"end":{"line":728,"column":47}}},"fnMap":{"0":{"name":"login","decl":{"start":{"line":13,"column":15},"end":{"line":13,"column":20}},"loc":{"start":{"line":14,"column":0},"end":{"line":70,"column":1}},"line":14},"1":{"name":"register","decl":{"start":{"line":97,"column":15},"end":{"line":97,"column":23}},"loc":{"start":{"line":98,"column":0},"end":{"line":155,"column":1}},"line":98},"2":{"name":"profile","decl":{"start":{"line":159,"column":15},"end":{"line":159,"column":22}},"loc":{"start":{"line":160,"column":0},"end":{"line":256,"column":1}},"line":160},"3":{"name":"regProfile","decl":{"start":{"line":260,"column":15},"end":{"line":260,"column":25}},"loc":{"start":{"line":261,"column":0},"end":{"line":357,"column":1}},"line":261},"4":{"name":"getQuote","decl":{"start":{"line":532,"column":15},"end":{"line":532,"column":23}},"loc":{"start":{"line":533,"column":0},"end":{"line":591,"column":1}},"line":533},"5":{"name":"checkIfgreaterOrEqual","decl":{"start":{"line":594,"column":9},"end":{"line":594,"column":30}},"loc":{"start":{"line":595,"column":0},"end":{"line":612,"column":1}},"line":595},"6":{"name":"getSuggestedPrice","decl":{"start":{"line":677,"column":15},"end":{"line":677,"column":32}},"loc":{"start":{"line":678,"column":0},"end":{"line":721,"column":1}},"line":678},"7":{"name":"getTotalAmount","decl":{"start":{"line":724,"column":15},"end":{"line":724,"column":29}},"loc":{"start":{"line":725,"column":0},"end":{"line":727,"column":1}},"line":725}},"branchMap":{"0":{"loc":{"start":{"line":17,"column":8},"end":{"line":23,"column":9}},"type":"if","locations":[{"start":{"line":17,"column":8},"end":{"line":23,"column":9}},{"start":{},"end":{}}],"line":17},"1":{"loc":{"start":{"line":25,"column":8},"end":{"line":36,"column":9}},"type":"if","locations":[{"start":{"line":25,"column":8},"end":{"line":36,"column":9}},{"start":{"line":31,"column":13},"end":{"line":36,"column":9}}],"line":25},"2":{"loc":{"start":{"line":31,"column":13},"end":{"line":36,"column":9}},"type":"if","locations":[{"start":{"line":31,"column":13},"end":{"line":36,"column":9}},{"start":{},"end":{}}],"line":31},"3":{"loc":{"start":{"line":100,"column":8},"end":{"line":107,"column":9}},"type":"if","locations":[{"start":{"line":100,"column":8},"end":{"line":107,"column":9}},{"start":{},"end":{}}],"line":100},"4":{"loc":{"start":{"line":109,"column":8},"end":{"line":120,"column":9}},"type":"if","locations":[{"start":{"line":109,"column":8},"end":{"line":120,"column":9}},{"start":{"line":115,"column":13},"end":{"line":120,"column":9}}],"line":109},"5":{"loc":{"start":{"line":115,"column":13},"end":{"line":120,"column":9}},"type":"if","locations":[{"start":{"line":115,"column":13},"end":{"line":120,"column":9}},{"start":{},"end":{}}],"line":115},"6":{"loc":{"start":{"line":136,"column":8},"end":{"line":147,"column":9}},"type":"if","locations":[{"start":{"line":136,"column":8},"end":{"line":147,"column":9}},{"start":{"line":144,"column":8},"end":{"line":147,"column":9}}],"line":136},"7":{"loc":{"start":{"line":162,"column":8},"end":{"line":176,"column":9}},"type":"if","locations":[{"start":{"line":162,"column":8},"end":{"line":176,"column":9}},{"start":{},"end":{}}],"line":162},"8":{"loc":{"start":{"line":179,"column":8},"end":{"line":184,"column":9}},"type":"if","locations":[{"start":{"line":179,"column":8},"end":{"line":184,"column":9}},{"start":{},"end":{}}],"line":179},"9":{"loc":{"start":{"line":186,"column":8},"end":{"line":191,"column":9}},"type":"if","locations":[{"start":{"line":186,"column":8},"end":{"line":191,"column":9}},{"start":{},"end":{}}],"line":186},"10":{"loc":{"start":{"line":193,"column":8},"end":{"line":198,"column":9}},"type":"if","locations":[{"start":{"line":193,"column":8},"end":{"line":198,"column":9}},{"start":{},"end":{}}],"line":193},"11":{"loc":{"start":{"line":200,"column":8},"end":{"line":205,"column":9}},"type":"if","locations":[{"start":{"line":200,"column":8},"end":{"line":205,"column":9}},{"start":{},"end":{}}],"line":200},"12":{"loc":{"start":{"line":200,"column":11},"end":{"line":200,"column":41}},"type":"binary-expr","locations":[{"start":{"line":200,"column":11},"end":{"line":200,"column":26}},{"start":{"line":200,"column":30},"end":{"line":200,"column":41}}],"line":200},"13":{"loc":{"start":{"line":207,"column":8},"end":{"line":212,"column":9}},"type":"if","locations":[{"start":{"line":207,"column":8},"end":{"line":212,"column":9}},{"start":{},"end":{}}],"line":207},"14":{"loc":{"start":{"line":214,"column":8},"end":{"line":219,"column":9}},"type":"if","locations":[{"start":{"line":214,"column":8},"end":{"line":219,"column":9}},{"start":{},"end":{}}],"line":214},"15":{"loc":{"start":{"line":214,"column":11},"end":{"line":214,"column":41}},"type":"binary-expr","locations":[{"start":{"line":214,"column":11},"end":{"line":214,"column":24}},{"start":{"line":214,"column":28},"end":{"line":214,"column":41}}],"line":214},"16":{"loc":{"start":{"line":237,"column":8},"end":{"line":250,"column":9}},"type":"if","locations":[{"start":{"line":237,"column":8},"end":{"line":250,"column":9}},{"start":{"line":246,"column":8},"end":{"line":250,"column":9}}],"line":237},"17":{"loc":{"start":{"line":263,"column":8},"end":{"line":277,"column":9}},"type":"if","locations":[{"start":{"line":263,"column":8},"end":{"line":277,"column":9}},{"start":{},"end":{}}],"line":263},"18":{"loc":{"start":{"line":279,"column":8},"end":{"line":284,"column":9}},"type":"if","locations":[{"start":{"line":279,"column":8},"end":{"line":284,"column":9}},{"start":{},"end":{}}],"line":279},"19":{"loc":{"start":{"line":286,"column":8},"end":{"line":291,"column":9}},"type":"if","locations":[{"start":{"line":286,"column":8},"end":{"line":291,"column":9}},{"start":{},"end":{}}],"line":286},"20":{"loc":{"start":{"line":293,"column":8},"end":{"line":298,"column":9}},"type":"if","locations":[{"start":{"line":293,"column":8},"end":{"line":298,"column":9}},{"start":{},"end":{}}],"line":293},"21":{"loc":{"start":{"line":300,"column":8},"end":{"line":305,"column":9}},"type":"if","locations":[{"start":{"line":300,"column":8},"end":{"line":305,"column":9}},{"start":{},"end":{}}],"line":300},"22":{"loc":{"start":{"line":300,"column":11},"end":{"line":300,"column":41}},"type":"binary-expr","locations":[{"start":{"line":300,"column":11},"end":{"line":300,"column":26}},{"start":{"line":300,"column":30},"end":{"line":300,"column":41}}],"line":300},"23":{"loc":{"start":{"line":307,"column":8},"end":{"line":312,"column":9}},"type":"if","locations":[{"start":{"line":307,"column":8},"end":{"line":312,"column":9}},{"start":{},"end":{}}],"line":307},"24":{"loc":{"start":{"line":314,"column":8},"end":{"line":319,"column":9}},"type":"if","locations":[{"start":{"line":314,"column":8},"end":{"line":319,"column":9}},{"start":{},"end":{}}],"line":314},"25":{"loc":{"start":{"line":314,"column":11},"end":{"line":314,"column":41}},"type":"binary-expr","locations":[{"start":{"line":314,"column":11},"end":{"line":314,"column":24}},{"start":{"line":314,"column":28},"end":{"line":314,"column":41}}],"line":314},"26":{"loc":{"start":{"line":337,"column":8},"end":{"line":351,"column":9}},"type":"if","locations":[{"start":{"line":337,"column":8},"end":{"line":351,"column":9}},{"start":{"line":347,"column":8},"end":{"line":351,"column":9}}],"line":337},"27":{"loc":{"start":{"line":536,"column":4},"end":{"line":542,"column":5}},"type":"if","locations":[{"start":{"line":536,"column":4},"end":{"line":542,"column":5}},{"start":{},"end":{}}],"line":536},"28":{"loc":{"start":{"line":544,"column":4},"end":{"line":550,"column":5}},"type":"if","locations":[{"start":{"line":544,"column":4},"end":{"line":550,"column":5}},{"start":{},"end":{}}],"line":544},"29":{"loc":{"start":{"line":552,"column":4},"end":{"line":560,"column":5}},"type":"if","locations":[{"start":{"line":552,"column":4},"end":{"line":560,"column":5}},{"start":{"line":557,"column":9},"end":{"line":560,"column":5}}],"line":552},"30":{"loc":{"start":{"line":557,"column":9},"end":{"line":560,"column":5}},"type":"if","locations":[{"start":{"line":557,"column":9},"end":{"line":560,"column":5}},{"start":{},"end":{}}],"line":557},"31":{"loc":{"start":{"line":562,"column":4},"end":{"line":566,"column":5}},"type":"if","locations":[{"start":{"line":562,"column":4},"end":{"line":566,"column":5}},{"start":{},"end":{}}],"line":562},"32":{"loc":{"start":{"line":600,"column":4},"end":{"line":602,"column":5}},"type":"if","locations":[{"start":{"line":600,"column":4},"end":{"line":602,"column":5}},{"start":{},"end":{}}],"line":600},"33":{"loc":{"start":{"line":603,"column":4},"end":{"line":605,"column":5}},"type":"if","locations":[{"start":{"line":603,"column":4},"end":{"line":605,"column":5}},{"start":{},"end":{}}],"line":603},"34":{"loc":{"start":{"line":607,"column":4},"end":{"line":610,"column":5}},"type":"if","locations":[{"start":{"line":607,"column":4},"end":{"line":610,"column":5}},{"start":{},"end":{}}],"line":607},"35":{"loc":{"start":{"line":687,"column":4},"end":{"line":694,"column":5}},"type":"if","locations":[{"start":{"line":687,"column":4},"end":{"line":694,"column":5}},{"start":{"line":692,"column":4},"end":{"line":694,"column":5}}],"line":687},"36":{"loc":{"start":{"line":697,"column":4},"end":{"line":704,"column":5}},"type":"if","locations":[{"start":{"line":697,"column":4},"end":{"line":704,"column":5}},{"start":{"line":702,"column":4},"end":{"line":704,"column":5}}],"line":697},"37":{"loc":{"start":{"line":707,"column":4},"end":{"line":714,"column":5}},"type":"if","locations":[{"start":{"line":707,"column":4},"end":{"line":714,"column":5}},{"start":{"line":712,"column":4},"end":{"line":714,"column":5}}],"line":707}},"s":{"0":3,"1":3,"2":3,"3":1,"4":2,"5":1,"6":1,"7":1,"8":1,"9":3,"10":3,"11":3,"12":1,"13":2,"14":1,"15":1,"16":1,"17":1,"18":1,"19":7,"20":7,"21":7,"22":1,"23":6,"24":1,"25":5,"26":1,"27":4,"28":1,"29":3,"30":1,"31":2,"32":1,"33":1,"34":1,"35":1,"36":0,"37":0,"38":0,"39":1,"40":7,"41":7,"42":7,"43":1,"44":6,"45":1,"46":5,"47":1,"48":4,"49":1,"50":3,"51":1,"52":2,"53":1,"54":1,"55":1,"56":1,"57":1,"58":0,"59":0,"60":0,"61":1,"62":1,"63":3,"64":3,"65":3,"66":1,"67":1,"68":2,"69":0,"70":0,"71":2,"72":1,"73":1,"74":1,"75":1,"76":3,"77":3,"78":3,"79":3,"80":3,"81":0,"82":3,"83":3,"84":3,"85":3,"86":1,"87":2,"88":1,"89":1,"90":2,"91":2,"92":2,"93":2,"94":2,"95":2,"96":2,"97":1,"98":1,"99":2,"100":1,"101":1,"102":2,"103":1,"104":1,"105":2,"106":2,"107":1,"108":1,"109":1},"f":{"0":3,"1":3,"2":7,"3":7,"4":3,"5":3,"6":2,"7":1},"b":{"0":[0,3],"1":[1,2],"2":[1,1],"3":[0,3],"4":[1,2],"5":[1,1],"6":[1,0],"7":[0,7],"8":[1,6],"9":[1,5],"10":[1,4],"11":[1,3],"12":[4,4],"13":[1,2],"14":[1,1],"15":[2,1],"16":[1,0],"17":[0,7],"18":[1,6],"19":[1,5],"20":[1,4],"21":[1,3],"22":[4,4],"23":[1,2],"24":[1,1],"25":[2,2],"26":[1,0],"27":[0,3],"28":[0,3],"29":[1,2],"30":[0,2],"31":[1,1],"32":[0,3],"33":[3,0],"34":[1,2],"35":[1,1],"36":[1,1],"37":[1,1]},"_coverageSchema":"1a1c01bbd47fc00a2c39e90264f33305004495a9","hash":"c9dc316ce49f6151cb46b05b72f4df17538a7065"}
}
