{"C:\\Users\\jinang\\Documents\\GitHub\\SoftwareDesign_Group5_Assignment2\\public\\main.js": {"path":"C:\\Users\\jinang\\Documents\\GitHub\\SoftwareDesign_Group5_Assignment2\\public\\main.js","statementMap":{"0":{"start":{"line":15,"column":1},"end":{"line":69,"column":2}},"1":{"start":{"line":17,"column":8},"end":{"line":23,"column":9}},"2":{"start":{"line":25,"column":8},"end":{"line":36,"column":9}},"3":{"start":{"line":29,"column":12},"end":{"line":29,"column":25}},"4":{"start":{"line":31,"column":13},"end":{"line":36,"column":9}},"5":{"start":{"line":35,"column":12},"end":{"line":35,"column":25}},"6":{"start":{"line":39,"column":21},"end":{"line":39,"column":63}},"7":{"start":{"line":64,"column":8},"end":{"line":64,"column":21}},"8":{"start":{"line":71,"column":0},"end":{"line":71,"column":29}},"9":{"start":{"line":107,"column":4},"end":{"line":162,"column":5}},"10":{"start":{"line":108,"column":8},"end":{"line":115,"column":9}},"11":{"start":{"line":117,"column":8},"end":{"line":128,"column":9}},"12":{"start":{"line":121,"column":12},"end":{"line":121,"column":25}},"13":{"start":{"line":123,"column":13},"end":{"line":128,"column":9}},"14":{"start":{"line":127,"column":12},"end":{"line":127,"column":25}},"15":{"start":{"line":132,"column":21},"end":{"line":132,"column":65}},"16":{"start":{"line":144,"column":8},"end":{"line":155,"column":9}},"17":{"start":{"line":157,"column":8},"end":{"line":157,"column":26}},"18":{"start":{"line":164,"column":0},"end":{"line":164,"column":34}},"19":{"start":{"line":191,"column":4},"end":{"line":285,"column":5}},"20":{"start":{"line":192,"column":8},"end":{"line":206,"column":9}},"21":{"start":{"line":209,"column":8},"end":{"line":214,"column":9}},"22":{"start":{"line":213,"column":12},"end":{"line":213,"column":25}},"23":{"start":{"line":216,"column":8},"end":{"line":221,"column":9}},"24":{"start":{"line":220,"column":12},"end":{"line":220,"column":25}},"25":{"start":{"line":223,"column":8},"end":{"line":228,"column":9}},"26":{"start":{"line":227,"column":12},"end":{"line":227,"column":25}},"27":{"start":{"line":230,"column":8},"end":{"line":235,"column":9}},"28":{"start":{"line":234,"column":12},"end":{"line":234,"column":25}},"29":{"start":{"line":237,"column":8},"end":{"line":242,"column":9}},"30":{"start":{"line":241,"column":12},"end":{"line":241,"column":25}},"31":{"start":{"line":244,"column":8},"end":{"line":249,"column":9}},"32":{"start":{"line":248,"column":12},"end":{"line":248,"column":25}},"33":{"start":{"line":253,"column":21},"end":{"line":253,"column":125}},"34":{"start":{"line":267,"column":8},"end":{"line":280,"column":9}},"35":{"start":{"line":272,"column":12},"end":{"line":272,"column":29}},"36":{"start":{"line":279,"column":12},"end":{"line":279,"column":29}},"37":{"start":{"line":281,"column":8},"end":{"line":281,"column":25}},"38":{"start":{"line":284,"column":8},"end":{"line":284,"column":25}},"39":{"start":{"line":287,"column":0},"end":{"line":287,"column":32}},"40":{"start":{"line":292,"column":4},"end":{"line":386,"column":5}},"41":{"start":{"line":293,"column":8},"end":{"line":307,"column":9}},"42":{"start":{"line":309,"column":8},"end":{"line":314,"column":9}},"43":{"start":{"line":313,"column":12},"end":{"line":313,"column":25}},"44":{"start":{"line":316,"column":8},"end":{"line":321,"column":9}},"45":{"start":{"line":320,"column":12},"end":{"line":320,"column":25}},"46":{"start":{"line":323,"column":8},"end":{"line":328,"column":9}},"47":{"start":{"line":327,"column":12},"end":{"line":327,"column":25}},"48":{"start":{"line":330,"column":8},"end":{"line":335,"column":9}},"49":{"start":{"line":334,"column":12},"end":{"line":334,"column":25}},"50":{"start":{"line":337,"column":8},"end":{"line":342,"column":9}},"51":{"start":{"line":341,"column":12},"end":{"line":341,"column":25}},"52":{"start":{"line":344,"column":8},"end":{"line":349,"column":9}},"53":{"start":{"line":348,"column":12},"end":{"line":348,"column":25}},"54":{"start":{"line":353,"column":21},"end":{"line":353,"column":125}},"55":{"start":{"line":365,"column":26},"end":{"line":365,"column":47}},"56":{"start":{"line":367,"column":8},"end":{"line":381,"column":9}},"57":{"start":{"line":373,"column":12},"end":{"line":373,"column":29}},"58":{"start":{"line":380,"column":12},"end":{"line":380,"column":29}},"59":{"start":{"line":382,"column":8},"end":{"line":382,"column":25}},"60":{"start":{"line":385,"column":8},"end":{"line":385,"column":25}},"61":{"start":{"line":388,"column":0},"end":{"line":388,"column":38}},"62":{"start":{"line":523,"column":0},"end":{"line":523,"column":34}},"63":{"start":{"line":564,"column":4},"end":{"line":570,"column":5}},"64":{"start":{"line":572,"column":4},"end":{"line":578,"column":5}},"65":{"start":{"line":580,"column":4},"end":{"line":588,"column":5}},"66":{"start":{"line":582,"column":8},"end":{"line":582,"column":44}},"67":{"start":{"line":583,"column":8},"end":{"line":583,"column":21}},"68":{"start":{"line":585,"column":9},"end":{"line":588,"column":5}},"69":{"start":{"line":586,"column":8},"end":{"line":586,"column":39}},"70":{"start":{"line":587,"column":8},"end":{"line":587,"column":21}},"71":{"start":{"line":590,"column":4},"end":{"line":594,"column":5}},"72":{"start":{"line":592,"column":8},"end":{"line":592,"column":34}},"73":{"start":{"line":593,"column":8},"end":{"line":593,"column":21}},"74":{"start":{"line":618,"column":4},"end":{"line":618,"column":16}},"75":{"start":{"line":620,"column":0},"end":{"line":620,"column":35}},"76":{"start":{"line":624,"column":16},"end":{"line":624,"column":26}},"77":{"start":{"line":625,"column":13},"end":{"line":625,"column":28}},"78":{"start":{"line":626,"column":13},"end":{"line":626,"column":31}},"79":{"start":{"line":627,"column":15},"end":{"line":627,"column":34}},"80":{"start":{"line":628,"column":4},"end":{"line":630,"column":5}},"81":{"start":{"line":629,"column":8},"end":{"line":629,"column":17}},"82":{"start":{"line":631,"column":4},"end":{"line":633,"column":5}},"83":{"start":{"line":632,"column":8},"end":{"line":632,"column":17}},"84":{"start":{"line":634,"column":4},"end":{"line":634,"column":31}},"85":{"start":{"line":635,"column":4},"end":{"line":638,"column":5}},"86":{"start":{"line":637,"column":8},"end":{"line":637,"column":21}},"87":{"start":{"line":639,"column":4},"end":{"line":639,"column":16}},"88":{"start":{"line":641,"column":0},"end":{"line":641,"column":61}},"89":{"start":{"line":702,"column":0},"end":{"line":702,"column":41}},"90":{"start":{"line":707,"column":18},"end":{"line":707,"column":21}},"91":{"start":{"line":708,"column":23},"end":{"line":708,"column":26}},"92":{"start":{"line":709,"column":23},"end":{"line":709,"column":26}},"93":{"start":{"line":710,"column":23},"end":{"line":710,"column":26}},"94":{"start":{"line":711,"column":23},"end":{"line":711,"column":26}},"95":{"start":{"line":712,"column":23},"end":{"line":712,"column":26}},"96":{"start":{"line":715,"column":4},"end":{"line":722,"column":5}},"97":{"start":{"line":717,"column":8},"end":{"line":717,"column":25}},"98":{"start":{"line":721,"column":8},"end":{"line":721,"column":25}},"99":{"start":{"line":725,"column":4},"end":{"line":732,"column":5}},"100":{"start":{"line":727,"column":8},"end":{"line":727,"column":24}},"101":{"start":{"line":731,"column":8},"end":{"line":731,"column":23}},"102":{"start":{"line":735,"column":4},"end":{"line":742,"column":5}},"103":{"start":{"line":737,"column":8},"end":{"line":737,"column":25}},"104":{"start":{"line":741,"column":8},"end":{"line":741,"column":25}},"105":{"start":{"line":745,"column":4},"end":{"line":745,"column":73}},"106":{"start":{"line":748,"column":4},"end":{"line":748,"column":31}},"107":{"start":{"line":750,"column":0},"end":{"line":750,"column":53}},"108":{"start":{"line":754,"column":4},"end":{"line":754,"column":48}},"109":{"start":{"line":756,"column":0},"end":{"line":756,"column":47}}},"fnMap":{"0":{"name":"login","decl":{"start":{"line":13,"column":15},"end":{"line":13,"column":20}},"loc":{"start":{"line":14,"column":0},"end":{"line":70,"column":1}},"line":14},"1":{"name":"register","decl":{"start":{"line":105,"column":15},"end":{"line":105,"column":23}},"loc":{"start":{"line":106,"column":0},"end":{"line":163,"column":1}},"line":106},"2":{"name":"profile","decl":{"start":{"line":189,"column":15},"end":{"line":189,"column":22}},"loc":{"start":{"line":190,"column":0},"end":{"line":286,"column":1}},"line":190},"3":{"name":"regProfile","decl":{"start":{"line":290,"column":15},"end":{"line":290,"column":25}},"loc":{"start":{"line":291,"column":0},"end":{"line":387,"column":1}},"line":291},"4":{"name":"getQuote","decl":{"start":{"line":560,"column":15},"end":{"line":560,"column":23}},"loc":{"start":{"line":561,"column":0},"end":{"line":619,"column":1}},"line":561},"5":{"name":"checkIfgreaterOrEqual","decl":{"start":{"line":622,"column":9},"end":{"line":622,"column":30}},"loc":{"start":{"line":623,"column":0},"end":{"line":640,"column":1}},"line":623},"6":{"name":"getSuggestedPrice","decl":{"start":{"line":705,"column":15},"end":{"line":705,"column":32}},"loc":{"start":{"line":706,"column":0},"end":{"line":749,"column":1}},"line":706},"7":{"name":"getTotalAmount","decl":{"start":{"line":752,"column":15},"end":{"line":752,"column":29}},"loc":{"start":{"line":753,"column":0},"end":{"line":755,"column":1}},"line":753}},"branchMap":{"0":{"loc":{"start":{"line":17,"column":8},"end":{"line":23,"column":9}},"type":"if","locations":[{"start":{"line":17,"column":8},"end":{"line":23,"column":9}},{"start":{},"end":{}}],"line":17},"1":{"loc":{"start":{"line":25,"column":8},"end":{"line":36,"column":9}},"type":"if","locations":[{"start":{"line":25,"column":8},"end":{"line":36,"column":9}},{"start":{"line":31,"column":13},"end":{"line":36,"column":9}}],"line":25},"2":{"loc":{"start":{"line":31,"column":13},"end":{"line":36,"column":9}},"type":"if","locations":[{"start":{"line":31,"column":13},"end":{"line":36,"column":9}},{"start":{},"end":{}}],"line":31},"3":{"loc":{"start":{"line":108,"column":8},"end":{"line":115,"column":9}},"type":"if","locations":[{"start":{"line":108,"column":8},"end":{"line":115,"column":9}},{"start":{},"end":{}}],"line":108},"4":{"loc":{"start":{"line":117,"column":8},"end":{"line":128,"column":9}},"type":"if","locations":[{"start":{"line":117,"column":8},"end":{"line":128,"column":9}},{"start":{"line":123,"column":13},"end":{"line":128,"column":9}}],"line":117},"5":{"loc":{"start":{"line":123,"column":13},"end":{"line":128,"column":9}},"type":"if","locations":[{"start":{"line":123,"column":13},"end":{"line":128,"column":9}},{"start":{},"end":{}}],"line":123},"6":{"loc":{"start":{"line":144,"column":8},"end":{"line":155,"column":9}},"type":"if","locations":[{"start":{"line":144,"column":8},"end":{"line":155,"column":9}},{"start":{"line":152,"column":8},"end":{"line":155,"column":9}}],"line":144},"7":{"loc":{"start":{"line":192,"column":8},"end":{"line":206,"column":9}},"type":"if","locations":[{"start":{"line":192,"column":8},"end":{"line":206,"column":9}},{"start":{},"end":{}}],"line":192},"8":{"loc":{"start":{"line":209,"column":8},"end":{"line":214,"column":9}},"type":"if","locations":[{"start":{"line":209,"column":8},"end":{"line":214,"column":9}},{"start":{},"end":{}}],"line":209},"9":{"loc":{"start":{"line":216,"column":8},"end":{"line":221,"column":9}},"type":"if","locations":[{"start":{"line":216,"column":8},"end":{"line":221,"column":9}},{"start":{},"end":{}}],"line":216},"10":{"loc":{"start":{"line":223,"column":8},"end":{"line":228,"column":9}},"type":"if","locations":[{"start":{"line":223,"column":8},"end":{"line":228,"column":9}},{"start":{},"end":{}}],"line":223},"11":{"loc":{"start":{"line":230,"column":8},"end":{"line":235,"column":9}},"type":"if","locations":[{"start":{"line":230,"column":8},"end":{"line":235,"column":9}},{"start":{},"end":{}}],"line":230},"12":{"loc":{"start":{"line":230,"column":11},"end":{"line":230,"column":41}},"type":"binary-expr","locations":[{"start":{"line":230,"column":11},"end":{"line":230,"column":26}},{"start":{"line":230,"column":30},"end":{"line":230,"column":41}}],"line":230},"13":{"loc":{"start":{"line":237,"column":8},"end":{"line":242,"column":9}},"type":"if","locations":[{"start":{"line":237,"column":8},"end":{"line":242,"column":9}},{"start":{},"end":{}}],"line":237},"14":{"loc":{"start":{"line":244,"column":8},"end":{"line":249,"column":9}},"type":"if","locations":[{"start":{"line":244,"column":8},"end":{"line":249,"column":9}},{"start":{},"end":{}}],"line":244},"15":{"loc":{"start":{"line":244,"column":11},"end":{"line":244,"column":41}},"type":"binary-expr","locations":[{"start":{"line":244,"column":11},"end":{"line":244,"column":24}},{"start":{"line":244,"column":28},"end":{"line":244,"column":41}}],"line":244},"16":{"loc":{"start":{"line":267,"column":8},"end":{"line":280,"column":9}},"type":"if","locations":[{"start":{"line":267,"column":8},"end":{"line":280,"column":9}},{"start":{"line":276,"column":8},"end":{"line":280,"column":9}}],"line":267},"17":{"loc":{"start":{"line":293,"column":8},"end":{"line":307,"column":9}},"type":"if","locations":[{"start":{"line":293,"column":8},"end":{"line":307,"column":9}},{"start":{},"end":{}}],"line":293},"18":{"loc":{"start":{"line":309,"column":8},"end":{"line":314,"column":9}},"type":"if","locations":[{"start":{"line":309,"column":8},"end":{"line":314,"column":9}},{"start":{},"end":{}}],"line":309},"19":{"loc":{"start":{"line":316,"column":8},"end":{"line":321,"column":9}},"type":"if","locations":[{"start":{"line":316,"column":8},"end":{"line":321,"column":9}},{"start":{},"end":{}}],"line":316},"20":{"loc":{"start":{"line":323,"column":8},"end":{"line":328,"column":9}},"type":"if","locations":[{"start":{"line":323,"column":8},"end":{"line":328,"column":9}},{"start":{},"end":{}}],"line":323},"21":{"loc":{"start":{"line":330,"column":8},"end":{"line":335,"column":9}},"type":"if","locations":[{"start":{"line":330,"column":8},"end":{"line":335,"column":9}},{"start":{},"end":{}}],"line":330},"22":{"loc":{"start":{"line":330,"column":11},"end":{"line":330,"column":41}},"type":"binary-expr","locations":[{"start":{"line":330,"column":11},"end":{"line":330,"column":26}},{"start":{"line":330,"column":30},"end":{"line":330,"column":41}}],"line":330},"23":{"loc":{"start":{"line":337,"column":8},"end":{"line":342,"column":9}},"type":"if","locations":[{"start":{"line":337,"column":8},"end":{"line":342,"column":9}},{"start":{},"end":{}}],"line":337},"24":{"loc":{"start":{"line":344,"column":8},"end":{"line":349,"column":9}},"type":"if","locations":[{"start":{"line":344,"column":8},"end":{"line":349,"column":9}},{"start":{},"end":{}}],"line":344},"25":{"loc":{"start":{"line":344,"column":11},"end":{"line":344,"column":41}},"type":"binary-expr","locations":[{"start":{"line":344,"column":11},"end":{"line":344,"column":24}},{"start":{"line":344,"column":28},"end":{"line":344,"column":41}}],"line":344},"26":{"loc":{"start":{"line":367,"column":8},"end":{"line":381,"column":9}},"type":"if","locations":[{"start":{"line":367,"column":8},"end":{"line":381,"column":9}},{"start":{"line":377,"column":8},"end":{"line":381,"column":9}}],"line":367},"27":{"loc":{"start":{"line":564,"column":4},"end":{"line":570,"column":5}},"type":"if","locations":[{"start":{"line":564,"column":4},"end":{"line":570,"column":5}},{"start":{},"end":{}}],"line":564},"28":{"loc":{"start":{"line":572,"column":4},"end":{"line":578,"column":5}},"type":"if","locations":[{"start":{"line":572,"column":4},"end":{"line":578,"column":5}},{"start":{},"end":{}}],"line":572},"29":{"loc":{"start":{"line":580,"column":4},"end":{"line":588,"column":5}},"type":"if","locations":[{"start":{"line":580,"column":4},"end":{"line":588,"column":5}},{"start":{"line":585,"column":9},"end":{"line":588,"column":5}}],"line":580},"30":{"loc":{"start":{"line":585,"column":9},"end":{"line":588,"column":5}},"type":"if","locations":[{"start":{"line":585,"column":9},"end":{"line":588,"column":5}},{"start":{},"end":{}}],"line":585},"31":{"loc":{"start":{"line":590,"column":4},"end":{"line":594,"column":5}},"type":"if","locations":[{"start":{"line":590,"column":4},"end":{"line":594,"column":5}},{"start":{},"end":{}}],"line":590},"32":{"loc":{"start":{"line":628,"column":4},"end":{"line":630,"column":5}},"type":"if","locations":[{"start":{"line":628,"column":4},"end":{"line":630,"column":5}},{"start":{},"end":{}}],"line":628},"33":{"loc":{"start":{"line":631,"column":4},"end":{"line":633,"column":5}},"type":"if","locations":[{"start":{"line":631,"column":4},"end":{"line":633,"column":5}},{"start":{},"end":{}}],"line":631},"34":{"loc":{"start":{"line":635,"column":4},"end":{"line":638,"column":5}},"type":"if","locations":[{"start":{"line":635,"column":4},"end":{"line":638,"column":5}},{"start":{},"end":{}}],"line":635},"35":{"loc":{"start":{"line":715,"column":4},"end":{"line":722,"column":5}},"type":"if","locations":[{"start":{"line":715,"column":4},"end":{"line":722,"column":5}},{"start":{"line":720,"column":4},"end":{"line":722,"column":5}}],"line":715},"36":{"loc":{"start":{"line":725,"column":4},"end":{"line":732,"column":5}},"type":"if","locations":[{"start":{"line":725,"column":4},"end":{"line":732,"column":5}},{"start":{"line":730,"column":4},"end":{"line":732,"column":5}}],"line":725},"37":{"loc":{"start":{"line":735,"column":4},"end":{"line":742,"column":5}},"type":"if","locations":[{"start":{"line":735,"column":4},"end":{"line":742,"column":5}},{"start":{"line":740,"column":4},"end":{"line":742,"column":5}}],"line":735}},"s":{"0":3,"1":3,"2":3,"3":1,"4":2,"5":1,"6":1,"7":1,"8":1,"9":3,"10":3,"11":3,"12":1,"13":2,"14":1,"15":1,"16":1,"17":1,"18":1,"19":7,"20":7,"21":7,"22":1,"23":6,"24":1,"25":5,"26":1,"27":4,"28":1,"29":3,"30":1,"31":2,"32":1,"33":1,"34":1,"35":1,"36":0,"37":0,"38":0,"39":1,"40":7,"41":7,"42":7,"43":1,"44":6,"45":1,"46":5,"47":1,"48":4,"49":1,"50":3,"51":1,"52":2,"53":1,"54":1,"55":1,"56":1,"57":1,"58":0,"59":0,"60":0,"61":1,"62":1,"63":3,"64":3,"65":3,"66":1,"67":1,"68":2,"69":0,"70":0,"71":2,"72":1,"73":1,"74":1,"75":1,"76":3,"77":3,"78":3,"79":3,"80":3,"81":0,"82":3,"83":3,"84":3,"85":3,"86":1,"87":2,"88":1,"89":1,"90":2,"91":2,"92":2,"93":2,"94":2,"95":2,"96":2,"97":1,"98":1,"99":2,"100":1,"101":1,"102":2,"103":1,"104":1,"105":2,"106":2,"107":1,"108":1,"109":1},"f":{"0":3,"1":3,"2":7,"3":7,"4":3,"5":3,"6":2,"7":1},"b":{"0":[0,3],"1":[1,2],"2":[1,1],"3":[0,3],"4":[1,2],"5":[1,1],"6":[1,0],"7":[0,7],"8":[1,6],"9":[1,5],"10":[1,4],"11":[1,3],"12":[4,4],"13":[1,2],"14":[1,1],"15":[2,1],"16":[1,0],"17":[0,7],"18":[1,6],"19":[1,5],"20":[1,4],"21":[1,3],"22":[4,4],"23":[1,2],"24":[1,1],"25":[2,2],"26":[1,0],"27":[0,3],"28":[0,3],"29":[1,2],"30":[0,2],"31":[1,1],"32":[0,3],"33":[3,0],"34":[1,2],"35":[1,1],"36":[1,1],"37":[1,1]},"_coverageSchema":"1a1c01bbd47fc00a2c39e90264f33305004495a9","hash":"567516e572a7ba391225de7abce6592eb43cebe9"}
}
