TN:
SF:public\main.js
FN:13,login
FN:97,register
FN:159,profile
FN:260,regProfile
FN:495,getQuote
FN:595,getSuggestedPrice
FN:642,getTotalAmount
FNF:7
FNH:7
FNDA:3,login
FNDA:3,register
FNDA:6,profile
FNDA:6,regProfile
FNDA:3,getQuote
FNDA:2,getSuggestedPrice
FNDA:1,getTotalAmount
DA:15,3
DA:17,3
DA:25,3
DA:29,1
DA:31,2
DA:35,1
DA:39,1
DA:52,1
DA:61,0
DA:64,1
DA:71,1
DA:99,3
DA:100,3
DA:109,3
DA:113,1
DA:115,2
DA:119,1
DA:124,1
DA:136,1
DA:149,1
DA:156,1
DA:161,6
DA:162,6
DA:179,6
DA:183,1
DA:186,5
DA:190,1
DA:193,4
DA:197,1
DA:200,3
DA:204,1
DA:207,2
DA:211,1
DA:214,1
DA:218,0
DA:223,1
DA:237,1
DA:242,1
DA:249,0
DA:251,0
DA:254,0
DA:257,1
DA:262,6
DA:263,6
DA:279,6
DA:283,1
DA:286,5
DA:290,1
DA:293,4
DA:297,1
DA:300,3
DA:304,1
DA:307,2
DA:311,1
DA:314,1
DA:318,0
DA:323,1
DA:335,1
DA:337,1
DA:343,1
DA:350,0
DA:352,0
DA:355,0
DA:358,1
DA:475,1
DA:499,3
DA:507,3
DA:515,3
DA:517,1
DA:518,1
DA:520,2
DA:521,0
DA:522,0
DA:525,2
DA:527,1
DA:528,1
DA:546,1
DA:548,1
DA:592,1
DA:597,2
DA:598,2
DA:599,2
DA:600,2
DA:601,2
DA:602,2
DA:605,2
DA:607,1
DA:611,1
DA:615,2
DA:617,1
DA:621,1
DA:625,2
DA:627,1
DA:631,1
DA:635,2
DA:638,2
DA:640,1
DA:644,1
DA:646,1
LF:99
LH:88
BRDA:17,0,0,0
BRDA:17,0,1,3
BRDA:25,1,0,1
BRDA:25,1,1,2
BRDA:31,2,0,1
BRDA:31,2,1,1
BRDA:52,3,0,1
BRDA:52,3,1,0
BRDA:100,4,0,0
BRDA:100,4,1,3
BRDA:109,5,0,1
BRDA:109,5,1,2
BRDA:115,6,0,1
BRDA:115,6,1,1
BRDA:136,7,0,1
BRDA:136,7,1,0
BRDA:162,8,0,0
BRDA:162,8,1,6
BRDA:179,9,0,1
BRDA:179,9,1,5
BRDA:186,10,0,1
BRDA:186,10,1,4
BRDA:193,11,0,1
BRDA:193,11,1,3
BRDA:200,12,0,1
BRDA:200,12,1,2
BRDA:200,13,0,3
BRDA:200,13,1,3
BRDA:207,14,0,1
BRDA:207,14,1,1
BRDA:214,15,0,0
BRDA:214,15,1,1
BRDA:214,16,0,1
BRDA:214,16,1,1
BRDA:237,17,0,1
BRDA:237,17,1,0
BRDA:263,18,0,0
BRDA:263,18,1,6
BRDA:279,19,0,1
BRDA:279,19,1,5
BRDA:286,20,0,1
BRDA:286,20,1,4
BRDA:293,21,0,1
BRDA:293,21,1,3
BRDA:300,22,0,1
BRDA:300,22,1,2
BRDA:300,23,0,3
BRDA:300,23,1,3
BRDA:307,24,0,1
BRDA:307,24,1,1
BRDA:314,25,0,0
BRDA:314,25,1,1
BRDA:314,26,0,1
BRDA:314,26,1,1
BRDA:337,27,0,1
BRDA:337,27,1,0
BRDA:499,28,0,0
BRDA:499,28,1,3
BRDA:507,29,0,0
BRDA:507,29,1,3
BRDA:515,30,0,1
BRDA:515,30,1,2
BRDA:520,31,0,0
BRDA:520,31,1,2
BRDA:525,32,0,1
BRDA:525,32,1,1
BRDA:605,33,0,1
BRDA:605,33,1,1
BRDA:615,34,0,1
BRDA:615,34,1,1
BRDA:625,35,0,1
BRDA:625,35,1,1
BRF:72
BRH:59
end_of_record
