TN:
SF:public\main.js
FN:13,login
FN:97,register
FN:159,profile
FN:260,regProfile
FN:532,getQuote
FN:594,checkIfgreaterOrEqual
FN:677,getSuggestedPrice
FN:724,getTotalAmount
FNF:8
FNH:8
FNDA:3,login
FNDA:3,register
FNDA:7,profile
FNDA:7,regProfile
FNDA:3,getQuote
FNDA:3,checkIfgreaterOrEqual
FNDA:2,getSuggestedPrice
FNDA:1,getTotalAmount
DA:15,3
DA:17,3
DA:25,3
DA:29,1
DA:31,2
DA:35,1
DA:39,1
DA:64,1
DA:71,1
DA:99,3
DA:100,3
DA:109,3
DA:113,1
DA:115,2
DA:119,1
DA:124,1
DA:136,1
DA:149,1
DA:156,1
DA:161,7
DA:162,7
DA:179,7
DA:183,1
DA:186,6
DA:190,1
DA:193,5
DA:197,1
DA:200,4
DA:204,1
DA:207,3
DA:211,1
DA:214,2
DA:218,1
DA:223,1
DA:237,1
DA:242,1
DA:249,0
DA:251,0
DA:254,0
DA:257,1
DA:262,7
DA:263,7
DA:279,7
DA:283,1
DA:286,6
DA:290,1
DA:293,5
DA:297,1
DA:300,4
DA:304,1
DA:307,3
DA:311,1
DA:314,2
DA:318,1
DA:323,1
DA:335,1
DA:337,1
DA:343,1
DA:350,0
DA:352,0
DA:355,0
DA:358,1
DA:493,1
DA:536,3
DA:544,3
DA:552,3
DA:554,1
DA:555,1
DA:557,2
DA:558,0
DA:559,0
DA:562,2
DA:564,1
DA:565,1
DA:590,1
DA:592,1
DA:596,3
DA:597,3
DA:598,3
DA:599,3
DA:600,3
DA:601,0
DA:603,3
DA:604,3
DA:606,3
DA:607,3
DA:609,1
DA:611,2
DA:613,1
DA:674,1
DA:679,2
DA:680,2
DA:681,2
DA:682,2
DA:683,2
DA:684,2
DA:687,2
DA:689,1
DA:693,1
DA:697,2
DA:699,1
DA:703,1
DA:707,2
DA:709,1
DA:713,1
DA:717,2
DA:720,2
DA:722,1
DA:726,1
DA:728,1
LF:110
LH:101
BRDA:17,0,0,0
BRDA:17,0,1,3
BRDA:25,1,0,1
BRDA:25,1,1,2
BRDA:31,2,0,1
BRDA:31,2,1,1
BRDA:100,3,0,0
BRDA:100,3,1,3
BRDA:109,4,0,1
BRDA:109,4,1,2
BRDA:115,5,0,1
BRDA:115,5,1,1
BRDA:136,6,0,1
BRDA:136,6,1,0
BRDA:162,7,0,0
BRDA:162,7,1,7
BRDA:179,8,0,1
BRDA:179,8,1,6
BRDA:186,9,0,1
BRDA:186,9,1,5
BRDA:193,10,0,1
BRDA:193,10,1,4
BRDA:200,11,0,1
BRDA:200,11,1,3
BRDA:200,12,0,4
BRDA:200,12,1,4
BRDA:207,13,0,1
BRDA:207,13,1,2
BRDA:214,14,0,1
BRDA:214,14,1,1
BRDA:214,15,0,2
BRDA:214,15,1,1
BRDA:237,16,0,1
BRDA:237,16,1,0
BRDA:263,17,0,0
BRDA:263,17,1,7
BRDA:279,18,0,1
BRDA:279,18,1,6
BRDA:286,19,0,1
BRDA:286,19,1,5
BRDA:293,20,0,1
BRDA:293,20,1,4
BRDA:300,21,0,1
BRDA:300,21,1,3
BRDA:300,22,0,4
BRDA:300,22,1,4
BRDA:307,23,0,1
BRDA:307,23,1,2
BRDA:314,24,0,1
BRDA:314,24,1,1
BRDA:314,25,0,2
BRDA:314,25,1,2
BRDA:337,26,0,1
BRDA:337,26,1,0
BRDA:536,27,0,0
BRDA:536,27,1,3
BRDA:544,28,0,0
BRDA:544,28,1,3
BRDA:552,29,0,1
BRDA:552,29,1,2
BRDA:557,30,0,0
BRDA:557,30,1,2
BRDA:562,31,0,1
BRDA:562,31,1,1
BRDA:600,32,0,0
BRDA:600,32,1,3
BRDA:603,33,0,3
BRDA:603,33,1,0
BRDA:607,34,0,1
BRDA:607,34,1,2
BRDA:687,35,0,1
BRDA:687,35,1,1
BRDA:697,36,0,1
BRDA:697,36,1,1
BRDA:707,37,0,1
BRDA:707,37,1,1
BRF:76
BRH:64
end_of_record
